  0.0000000E+00  1.0000000E-06  1.0000000E-04  0.0000000E+00  0.0000000E+00  0.0000000E+00
  1.0009139E+00  1.2036816E-08  9.2538329E-05  8.9834428E-08  8.9812876E-07  6.4737074E-06
  2.0009139E+00  1.2928833E-08  8.6075574E-05  8.9753318E-08  8.9731785E-07  1.2937355E-05
  3.0009139E+00  1.3962525E-08  7.9619250E-05  8.9659325E-08  8.9637815E-07  1.9394713E-05
  4.0009139E+00  1.5174331E-08  7.3170435E-05  8.9549136E-08  8.9527653E-07  2.5844739E-05
  5.0009139E+00  1.6614287E-08  1.0000000E-04  8.9418202E-08  8.9396751E-07  3.2286112E-05
  6.0032066E+00  1.1913166E-08  9.3510605E-05  8.9845672E-08  8.9824116E-07  3.8770805E-05
  7.0032066E+00  1.2786416E-08  8.7046962E-05  8.9766268E-08  8.9744732E-07  4.5235322E-05
  8.0032066E+00  1.3796745E-08  8.0589608E-05  8.9674399E-08  8.9652886E-07  5.1693687E-05
  9.0032066E+00  1.4978971E-08  7.4139585E-05  8.9566900E-08  8.9545413E-07  5.8144892E-05
  1.0003207E+01  1.6380722E-08  1.0000000E-04  8.9439440E-08  8.9417984E-07  6.4587664E-05
  1.1005771E+01  1.1913358E-08  9.3509083E-05  8.9845654E-08  8.9824099E-07  7.1074113E-05
  1.2005771E+01  1.2786636E-08  8.7045441E-05  8.9766248E-08  8.9744712E-07  7.7538629E-05
  1.3005771E+01  1.3797002E-08  8.0588089E-05  8.9674376E-08  8.9652862E-07  8.3996992E-05
  1.4005771E+01  1.4979273E-08  7.4138068E-05  8.9566872E-08  8.9545385E-07  9.0448195E-05
  1.5005771E+01  1.6381083E-08  1.0000000E-04  8.9439407E-08  8.9417951E-07  9.6890965E-05
  1.6008334E+01  1.1913358E-08  9.3509086E-05  8.9845654E-08  8.9824099E-07  1.0337741E-04
  1.7008334E+01  1.2786636E-08  8.7045444E-05  8.9766248E-08  8.9744712E-07  1.0984193E-04
  1.8008334E+01  1.3797001E-08  8.0588091E-05  8.9674376E-08  8.9652862E-07  1.1630029E-04
  1.9008334E+01  1.4979273E-08  7.4138070E-05  8.9566872E-08  8.9545385E-07  1.2275149E-04
  2.0008334E+01  1.6381082E-08  6.7696702E-05  8.9439407E-08  8.9417951E-07  1.2919426E-04
